<?xml version="1.0" encoding="UTF-8"?>
<!-- Generated by org.testng.reporters.JUnitReportReporter -->
<testsuite hostname="DESKTOP-EMOO80V" failures="0" tests="1" name="API.SumValidation" time="3.463" errors="0" timestamp="2022-08-12T16:13:07 IST" skipped="0">
  <testcase classname="API.SumValidation" name="sumOfCourse" time="3.463"/>
  <system-out/>
</testsuite> <!-- API.SumValidation -->
