<?xml version="1.0" encoding="UTF-8"?>
<!-- Generated by org.testng.reporters.JUnitReportReporter -->
<testsuite hostname="DESKTOP-EMOO80V" failures="0" tests="1" name="API.DynamicJson" time="6.860" errors="0" timestamp="2022-08-12T16:50:32 IST" skipped="0">
  <testcase classname="API.DynamicJson" name="addBook" time="6.860"/>
  <system-out/>
</testsuite> <!-- API.DynamicJson -->
