<?xml version="1.0" encoding="UTF-8"?>
<!-- Generated by org.testng.reporters.JUnitReportReporter -->
<testsuite hostname="DESKTOP-EMOO80V" failures="0" tests="1" name="API.StaticJson" time="5.113" errors="0" timestamp="2022-07-09T11:51:51 IST" skipped="0">
  <testcase classname="API.StaticJson" name="addBook" time="5.113"/>
  <system-out/>
</testsuite> <!-- API.StaticJson -->
